<?xml version="1.0" encoding="UTF-8"?>
<!-- Generated by org.testng.reporters.JUnitXMLReporter -->
<testsuite hostname="Anees" ignored="0" name="EdgeTest" tests="2" failures="1" timestamp="2021-09-08T21:04:04 IST" time="27.457" errors="0">
  <testcase name="handleLogin" time="3.641" classname="com.qa.testScripts.TC_Flipkart_01"/>
  <testcase name="handleLogin" time="4.014" classname="com.qa.testScripts.TC_Flipkart_01">
    <failure type="java.lang.NullPointerException">
      <![CDATA[java.lang.NullPointerException
at com.aventstack.extentreports.ExtentObservable.lambda$saveTest$0(ExtentObservable.java:209)
at java.util.ArrayList.forEach(ArrayList.java:1259)
at com.aventstack.extentreports.ExtentObservable.saveTest(ExtentObservable.java:209)
at com.aventstack.extentreports.ExtentReports.createTest(ExtentReports.java:234)
at com.aventstack.extentreports.ExtentReports.createTest(ExtentReports.java:247)
at com.qa.utility.Listeners.onTestSuccess(Listeners.java:83)
at java.util.ArrayList.forEach(ArrayList.java:1259)
at java.util.concurrent.FutureTask.run(FutureTask.java:266)
at java.util.concurrent.ThreadPoolExecutor.runWorker(ThreadPoolExecutor.java:1149)
at java.util.concurrent.ThreadPoolExecutor$Worker.run(ThreadPoolExecutor.java:624)
at java.lang.Thread.run(Thread.java:748)
... Removed 15 stack frames]]>
    </failure>
  </testcase> <!-- handleLogin -->
</testsuite> <!-- EdgeTest -->
